myTTR/build/intermediates/manifest_merge_blame_file/debug/manifest-merger-blame-debug-report.txt
1<?xml version="1.0" encoding="utf-8"?>
2<!--
3  ~ Copyright (c) Juergen Melzer
4  ~
5  ~ 2015.
6-->
7<manifest xmlns:android="http://schemas.android.com/apk/res/android"
8    package="com.jmelzer.myttr"
9    android:installLocation="auto"
10    android:versionCode="202"
11    android:versionName="7.0.2" >
12
13    <uses-sdk
13-->src/main/AndroidManifest.xml:11:5-44
14        android:maxSdkVersion="29"
14-->src/main/AndroidManifest.xml:11:15-41
15        android:minSdkVersion="19"
15-->src/main/AndroidManifest.xml:11:5-44
16        android:targetSdkVersion="29" />
16-->src/main/AndroidManifest.xml:11:5-44
17
18    <uses-permission android:name="android.permission.INTERNET" />
18-->src/main/AndroidManifest.xml:13:5-67
18-->src/main/AndroidManifest.xml:13:22-64
19    <!-- <uses-permission android:name="android.permission.WRITE_EXTERNAL_STORAGE" /> -->
20    <!-- <uses-permission android:name="android.permission.RECEIVE_BOOT_COMPLETED"/> -->
21    <uses-permission android:name="android.permission.READ_CALENDAR" />
21-->src/main/AndroidManifest.xml:16:5-72
21-->src/main/AndroidManifest.xml:16:22-69
22    <uses-permission android:name="android.permission.WRITE_CALENDAR" />
22-->src/main/AndroidManifest.xml:17:5-73
22-->src/main/AndroidManifest.xml:17:22-70
23
24    <!-- <uses-permission android:name="android.permission.ACCESS_NETWORK_STATE" /> -->
25    <application
25-->src/main/AndroidManifest.xml:21:5-504:19
26        android:name="com.jmelzer.myttr.MyApplication"
26-->src/main/AndroidManifest.xml:22:9-55
27        android:allowBackup="false"
27-->src/main/AndroidManifest.xml:23:9-36
28        android:appComponentFactory="androidx.core.app.CoreComponentFactory"
28-->[androidx.core:core:1.1.0] AndroidManifest.xml:24:18-86
29        android:debuggable="true"
30        android:icon="@drawable/ic_myttr_app"
30-->src/main/AndroidManifest.xml:24:9-46
31        android:label="@string/app_name"
31-->src/main/AndroidManifest.xml:25:9-41
32        android:theme="@style/MyTheme"
32-->src/main/AndroidManifest.xml:27:9-39
33        android:usesCleartextTraffic="true" >
33-->src/main/AndroidManifest.xml:26:9-44
34        <uses-library
34-->src/main/AndroidManifest.xml:28:9-30:40
35            android:name="org.apache.http.legacy"
35-->src/main/AndroidManifest.xml:29:13-50
36            android:required="false" />
36-->src/main/AndroidManifest.xml:30:13-37
37
38        <activity
38-->src/main/AndroidManifest.xml:32:9-39:20
39            android:name="com.jmelzer.myttr.activities.LoginActivity"
39-->src/main/AndroidManifest.xml:33:13-70
40            android:label="@string/app_name" >
40-->src/main/AndroidManifest.xml:34:13-45
41            <intent-filter>
41-->src/main/AndroidManifest.xml:35:13-38:29
42                <action android:name="android.intent.action.MAIN" />
42-->src/main/AndroidManifest.xml:36:17-69
42-->src/main/AndroidManifest.xml:36:25-66
43
44                <category android:name="android.intent.category.LAUNCHER" />
44-->src/main/AndroidManifest.xml:37:17-77
44-->src/main/AndroidManifest.xml:37:27-74
45            </intent-filter>
46        </activity>
47        <activity
47-->src/main/AndroidManifest.xml:40:9-48:20
48            android:name="com.jmelzer.myttr.activities.HomeActivity"
48-->src/main/AndroidManifest.xml:41:13-69
49            android:label="@string/app_name"
49-->src/main/AndroidManifest.xml:42:13-45
50            android:parentActivityName="com.jmelzer.myttr.activities.LoginActivity" >
50-->src/main/AndroidManifest.xml:43:13-84
51            <intent-filter>
51-->src/main/AndroidManifest.xml:44:13-47:29
52                <action android:name="android.intent.action.VIEW" />
52-->src/main/AndroidManifest.xml:45:17-69
52-->src/main/AndroidManifest.xml:45:25-66
53
54                <category android:name="android.intent.category.DEFAULT" />
54-->src/main/AndroidManifest.xml:46:17-76
54-->src/main/AndroidManifest.xml:46:27-73
55            </intent-filter>
56        </activity>
57        <activity
57-->src/main/AndroidManifest.xml:49:9-60:20
58            android:name="com.jmelzer.myttr.activities.TTRCalculatorActivity"
58-->src/main/AndroidManifest.xml:50:13-61
59            android:label="@string/app_name"
59-->src/main/AndroidManifest.xml:51:13-45
60            android:parentActivityName="com.jmelzer.myttr.activities.HomeActivity" >
60-->src/main/AndroidManifest.xml:52:13-83
61            <intent-filter>
61-->src/main/AndroidManifest.xml:44:13-47:29
62                <action android:name="android.intent.action.VIEW" />
62-->src/main/AndroidManifest.xml:45:17-69
62-->src/main/AndroidManifest.xml:45:25-66
63
64                <category android:name="android.intent.category.DEFAULT" />
64-->src/main/AndroidManifest.xml:46:17-76
64-->src/main/AndroidManifest.xml:46:27-73
65            </intent-filter>
66
67            <meta-data
67-->src/main/AndroidManifest.xml:57:13-59:77
68                android:name="android.support.PARENT_ACTIVITY"
68-->src/main/AndroidManifest.xml:58:17-63
69                android:value="com.jmelzer.myttr.activities.HomeActivity" />
69-->src/main/AndroidManifest.xml:59:17-74
70        </activity>
71        <activity
71-->src/main/AndroidManifest.xml:61:9-72:20
72            android:name="com.jmelzer.myttr.activities.SearchActivity"
72-->src/main/AndroidManifest.xml:62:13-54
73            android:label="@string/app_name"
73-->src/main/AndroidManifest.xml:63:13-45
74            android:parentActivityName="com.jmelzer.myttr.activities.TTRCalculatorActivity" >
74-->src/main/AndroidManifest.xml:64:13-75
75            <intent-filter>
75-->src/main/AndroidManifest.xml:44:13-47:29
76                <action android:name="android.intent.action.VIEW" />
76-->src/main/AndroidManifest.xml:45:17-69
76-->src/main/AndroidManifest.xml:45:25-66
77
78                <category android:name="android.intent.category.DEFAULT" />
78-->src/main/AndroidManifest.xml:46:17-76
78-->src/main/AndroidManifest.xml:46:27-73
79            </intent-filter>
80
81            <meta-data
81-->src/main/AndroidManifest.xml:57:13-59:77
82                android:name="android.support.PARENT_ACTIVITY"
82-->src/main/AndroidManifest.xml:58:17-63
83                android:value=".activities.HomeActivity" />
83-->src/main/AndroidManifest.xml:59:17-74
84        </activity>
85        <activity
85-->src/main/AndroidManifest.xml:73:9-84:20
86            android:name="com.jmelzer.myttr.activities.NextAppointmentsActivity"
86-->src/main/AndroidManifest.xml:74:13-81
87            android:label="@string/app_name"
87-->src/main/AndroidManifest.xml:75:13-45
88            android:parentActivityName="com.jmelzer.myttr.activities.TTRCalculatorActivity" >
88-->src/main/AndroidManifest.xml:76:13-75
89            <intent-filter>
89-->src/main/AndroidManifest.xml:44:13-47:29
90                <action android:name="android.intent.action.VIEW" />
90-->src/main/AndroidManifest.xml:45:17-69
90-->src/main/AndroidManifest.xml:45:25-66
91
92                <category android:name="android.intent.category.DEFAULT" />
92-->src/main/AndroidManifest.xml:46:17-76
92-->src/main/AndroidManifest.xml:46:27-73
93            </intent-filter>
94
95            <meta-data
95-->src/main/AndroidManifest.xml:57:13-59:77
96                android:name="android.support.PARENT_ACTIVITY"
96-->src/main/AndroidManifest.xml:58:17-63
97                android:value=".activities.HomeActivity" />
97-->src/main/AndroidManifest.xml:59:17-74
98        </activity>
99        <activity
99-->src/main/AndroidManifest.xml:86:9-97:20
100            android:name="com.jmelzer.myttr.activities.NextAppointmentPlayersActivity"
100-->src/main/AndroidManifest.xml:87:13-87
101            android:label="@string/app_name"
101-->src/main/AndroidManifest.xml:88:13-45
102            android:parentActivityName="com.jmelzer.myttr.activities.NextAppointmentsActivity" >
102-->src/main/AndroidManifest.xml:89:13-95
103            <intent-filter>
103-->src/main/AndroidManifest.xml:44:13-47:29
104                <action android:name="android.intent.action.VIEW" />
104-->src/main/AndroidManifest.xml:45:17-69
104-->src/main/AndroidManifest.xml:45:25-66
105
106                <category android:name="android.intent.category.DEFAULT" />
106-->src/main/AndroidManifest.xml:46:17-76
106-->src/main/AndroidManifest.xml:46:27-73
107            </intent-filter>
108
109            <meta-data
109-->src/main/AndroidManifest.xml:57:13-59:77
110                android:name="android.support.PARENT_ACTIVITY"
110-->src/main/AndroidManifest.xml:58:17-63
111                android:value="com.jmelzer.myttr.activities.NextAppointmentsActivity" />
111-->src/main/AndroidManifest.xml:59:17-74
112        </activity>
113        <activity
113-->src/main/AndroidManifest.xml:98:9-109:20
114            android:name="com.jmelzer.myttr.activities.ResultActivity"
114-->src/main/AndroidManifest.xml:99:13-71
115            android:label="@string/app_name"
115-->src/main/AndroidManifest.xml:100:13-45
116            android:parentActivityName="com.jmelzer.myttr.activities.TTRCalculatorActivity" >
116-->src/main/AndroidManifest.xml:101:13-75
117            <intent-filter>
117-->src/main/AndroidManifest.xml:44:13-47:29
118                <action android:name="android.intent.action.VIEW" />
118-->src/main/AndroidManifest.xml:45:17-69
118-->src/main/AndroidManifest.xml:45:25-66
119
120                <category android:name="android.intent.category.DEFAULT" />
120-->src/main/AndroidManifest.xml:46:17-76
120-->src/main/AndroidManifest.xml:46:27-73
121            </intent-filter>
122
123            <meta-data
123-->src/main/AndroidManifest.xml:57:13-59:77
124                android:name="android.support.PARENT_ACTIVITY"
124-->src/main/AndroidManifest.xml:58:17-63
125                android:value=".activities.TTRCalculatorActivity" />
125-->src/main/AndroidManifest.xml:59:17-74
126        </activity>
127        <activity
127-->src/main/AndroidManifest.xml:110:9-121:20
128            android:name="com.jmelzer.myttr.activities.EnterTTRActivity"
128-->src/main/AndroidManifest.xml:111:13-73
129            android:label="@string/app_name"
129-->src/main/AndroidManifest.xml:112:13-45
130            android:parentActivityName="com.jmelzer.myttr.activities.HomeActivity" >
130-->src/main/AndroidManifest.xml:113:13-83
131            <intent-filter>
131-->src/main/AndroidManifest.xml:44:13-47:29
132                <action android:name="android.intent.action.VIEW" />
132-->src/main/AndroidManifest.xml:45:17-69
132-->src/main/AndroidManifest.xml:45:25-66
133
134                <category android:name="android.intent.category.DEFAULT" />
134-->src/main/AndroidManifest.xml:46:17-76
134-->src/main/AndroidManifest.xml:46:27-73
135            </intent-filter>
136
137            <meta-data
137-->src/main/AndroidManifest.xml:57:13-59:77
138                android:name="android.support.PARENT_ACTIVITY"
138-->src/main/AndroidManifest.xml:58:17-63
139                android:value="com.jmelzer.myttr.activities.HomeActivity" />
139-->src/main/AndroidManifest.xml:59:17-74
140        </activity>
141        <activity
141-->src/main/AndroidManifest.xml:122:9-135:20
142            android:name="com.jmelzer.myttr.activities.EnterClubNameActivity"
142-->src/main/AndroidManifest.xml:123:13-78
143            android:label="@string/app_name"
143-->src/main/AndroidManifest.xml:124:13-45
144            android:parentActivityName="com.jmelzer.myttr.activities.HomeActivity" >
144-->src/main/AndroidManifest.xml:125:13-83
145            <intent-filter>
145-->src/main/AndroidManifest.xml:126:13-131:29
146                <action android:name="android.intent.action.VIEW" />
146-->src/main/AndroidManifest.xml:45:17-69
146-->src/main/AndroidManifest.xml:45:25-66
147                <action android:name="ManualClubName" />
147-->src/main/AndroidManifest.xml:128:17-57
147-->src/main/AndroidManifest.xml:128:25-54
148
149                <category android:name="android.intent.category.DEFAULT" />
149-->src/main/AndroidManifest.xml:46:17-76
149-->src/main/AndroidManifest.xml:46:27-73
150            </intent-filter>
151
152            <meta-data
152-->src/main/AndroidManifest.xml:57:13-59:77
153                android:name="android.support.PARENT_ACTIVITY"
153-->src/main/AndroidManifest.xml:58:17-63
154                android:value="com.jmelzer.myttr.activities.HomeActivity" />
154-->src/main/AndroidManifest.xml:59:17-74
155        </activity>
156        <activity
156-->src/main/AndroidManifest.xml:136:9-149:20
157            android:name="com.jmelzer.myttr.activities.EnterAKActivity"
157-->src/main/AndroidManifest.xml:137:13-72
158            android:label="@string/app_name"
158-->src/main/AndroidManifest.xml:138:13-45
159            android:parentActivityName="com.jmelzer.myttr.activities.HomeActivity" >
159-->src/main/AndroidManifest.xml:139:13-83
160            <intent-filter>
160-->src/main/AndroidManifest.xml:140:13-145:29
161                <action android:name="android.intent.action.VIEW" />
161-->src/main/AndroidManifest.xml:45:17-69
161-->src/main/AndroidManifest.xml:45:25-66
162                <action android:name="AK" />
162-->src/main/AndroidManifest.xml:142:17-45
162-->src/main/AndroidManifest.xml:142:25-42
163
164                <category android:name="android.intent.category.DEFAULT" />
164-->src/main/AndroidManifest.xml:46:17-76
164-->src/main/AndroidManifest.xml:46:27-73
165            </intent-filter>
166
167            <meta-data
167-->src/main/AndroidManifest.xml:57:13-59:77
168                android:name="android.support.PARENT_ACTIVITY"
168-->src/main/AndroidManifest.xml:58:17-63
169                android:value="com.jmelzer.myttr.activities.HomeActivity" />
169-->src/main/AndroidManifest.xml:59:17-74
170        </activity>
171        <activity
171-->src/main/AndroidManifest.xml:150:9-163:20
172            android:name="com.jmelzer.myttr.activities.EnterTimeActivity"
172-->src/main/AndroidManifest.xml:151:13-74
173            android:label="@string/app_name"
173-->src/main/AndroidManifest.xml:152:13-45
174            android:parentActivityName="com.jmelzer.myttr.activities.HomeActivity" >
174-->src/main/AndroidManifest.xml:153:13-83
175            <intent-filter>
175-->src/main/AndroidManifest.xml:154:13-159:29
176                <action android:name="android.intent.action.VIEW" />
176-->src/main/AndroidManifest.xml:45:17-69
176-->src/main/AndroidManifest.xml:45:25-66
177                <action android:name="Time" />
177-->src/main/AndroidManifest.xml:156:17-47
177-->src/main/AndroidManifest.xml:156:25-44
178
179                <category android:name="android.intent.category.DEFAULT" />
179-->src/main/AndroidManifest.xml:46:17-76
179-->src/main/AndroidManifest.xml:46:27-73
180            </intent-filter>
181
182            <meta-data
182-->src/main/AndroidManifest.xml:57:13-59:77
183                android:name="android.support.PARENT_ACTIVITY"
183-->src/main/AndroidManifest.xml:58:17-63
184                android:value="com.jmelzer.myttr.activities.HomeActivity" />
184-->src/main/AndroidManifest.xml:59:17-74
185        </activity>
186        <activity
186-->src/main/AndroidManifest.xml:164:9-175:20
187            android:name="com.jmelzer.myttr.activities.ClubListActivity"
187-->src/main/AndroidManifest.xml:165:13-73
188            android:label="@string/app_name"
188-->src/main/AndroidManifest.xml:166:13-45
189            android:parentActivityName="com.jmelzer.myttr.activities.HomeActivity" >
189-->src/main/AndroidManifest.xml:167:13-83
190            <intent-filter>
190-->src/main/AndroidManifest.xml:44:13-47:29
191                <action android:name="android.intent.action.VIEW" />
191-->src/main/AndroidManifest.xml:45:17-69
191-->src/main/AndroidManifest.xml:45:25-66
192
193                <category android:name="android.intent.category.DEFAULT" />
193-->src/main/AndroidManifest.xml:46:17-76
193-->src/main/AndroidManifest.xml:46:27-73
194            </intent-filter>
195
196            <meta-data
196-->src/main/AndroidManifest.xml:57:13-59:77
197                android:name="android.support.PARENT_ACTIVITY"
197-->src/main/AndroidManifest.xml:58:17-63
198                android:value="com.jmelzer.myttr.activities.HomeActivity" />
198-->src/main/AndroidManifest.xml:59:17-74
199        </activity>
200        <activity
200-->src/main/AndroidManifest.xml:176:9-178:53
201            android:name="com.jmelzer.myttr.activities.MySettingsActivity"
201-->src/main/AndroidManifest.xml:177:13-75
202            android:label="@string/menu_settings" />
202-->src/main/AndroidManifest.xml:178:13-50
203        <!--
204        <activity
205            android:name="com.jmelzer.myttr.activities.NewPointsActivity"
206            android:label="@string/notifcation_result">
207            <meta-data
208                android:name="android.support.PARENT_ACTIVITY"
209                android:value=".activities.TTRCalculatorActivity"/>
210        </activity>
211        -->
212        <activity
212-->src/main/AndroidManifest.xml:186:9-197:20
213            android:name="com.jmelzer.myttr.activities.EventsActivity"
213-->src/main/AndroidManifest.xml:187:13-54
214            android:label="@string/app_name"
214-->src/main/AndroidManifest.xml:188:13-45
215            android:parentActivityName="com.jmelzer.myttr.activities.HomeActivity" >
215-->src/main/AndroidManifest.xml:189:13-83
216            <intent-filter>
216-->src/main/AndroidManifest.xml:44:13-47:29
217                <action android:name="android.intent.action.VIEW" />
217-->src/main/AndroidManifest.xml:45:17-69
217-->src/main/AndroidManifest.xml:45:25-66
218
219                <category android:name="android.intent.category.DEFAULT" />
219-->src/main/AndroidManifest.xml:46:17-76
219-->src/main/AndroidManifest.xml:46:27-73
220            </intent-filter>
221
222            <meta-data
222-->src/main/AndroidManifest.xml:57:13-59:77
223                android:name="android.support.PARENT_ACTIVITY"
223-->src/main/AndroidManifest.xml:58:17-63
224                android:value="com.jmelzer.myttr.activities.HomeActivity" />
224-->src/main/AndroidManifest.xml:59:17-74
225        </activity>
226        <!--
227         <activity
228             android:name="com.jmelzer.myttr.activities.EventsTTRChartFragment"
229             android:label="@string/app_name"
230             android:parentActivityName="com.jmelzer.myttr.activities.HomeActivity">
231             <intent-filter>
232                 <action android:name="android.intent.action.VIEW"/>
233                 <category android:name="android.intent.category.DEFAULT"/>
234             </intent-filter>
235             <meta-data
236                 android:name="android.support.PARENT_ACTIVITY"
237                 android:value="com.jmelzer.myttr.activities.HomeActivity"/>
238         </activity>
239        -->
240        <activity
240-->src/main/AndroidManifest.xml:210:9-221:20
241            android:name="com.jmelzer.myttr.activities.EventDetailActivity"
241-->src/main/AndroidManifest.xml:211:13-76
242            android:label="@string/app_name"
242-->src/main/AndroidManifest.xml:212:13-45
243            android:parentActivityName="com.jmelzer.myttr.activities.HomeActivity" >
243-->src/main/AndroidManifest.xml:213:13-83
244            <intent-filter>
244-->src/main/AndroidManifest.xml:44:13-47:29
245                <action android:name="android.intent.action.VIEW" />
245-->src/main/AndroidManifest.xml:45:17-69
245-->src/main/AndroidManifest.xml:45:25-66
246
247                <category android:name="android.intent.category.DEFAULT" />
247-->src/main/AndroidManifest.xml:46:17-76
247-->src/main/AndroidManifest.xml:46:27-73
248            </intent-filter>
249
250            <meta-data
250-->src/main/AndroidManifest.xml:57:13-59:77
251                android:name="android.support.PARENT_ACTIVITY"
251-->src/main/AndroidManifest.xml:58:17-63
252                android:value="com.jmelzer.myttr.activities.HomeActivity" />
252-->src/main/AndroidManifest.xml:59:17-74
253        </activity>
254        <activity
254-->src/main/AndroidManifest.xml:222:9-233:20
255            android:name="com.jmelzer.myttr.activities.SelectTeamPlayerActivity"
255-->src/main/AndroidManifest.xml:223:13-64
256            android:label="@string/app_name"
256-->src/main/AndroidManifest.xml:224:13-45
257            android:parentActivityName="com.jmelzer.myttr.activities.HomeActivity" >
257-->src/main/AndroidManifest.xml:225:13-83
258            <intent-filter>
258-->src/main/AndroidManifest.xml:44:13-47:29
259                <action android:name="android.intent.action.VIEW" />
259-->src/main/AndroidManifest.xml:45:17-69
259-->src/main/AndroidManifest.xml:45:25-66
260
261                <category android:name="android.intent.category.DEFAULT" />
261-->src/main/AndroidManifest.xml:46:17-76
261-->src/main/AndroidManifest.xml:46:27-73
262            </intent-filter>
263
264            <meta-data
264-->src/main/AndroidManifest.xml:57:13-59:77
265                android:name="android.support.PARENT_ACTIVITY"
265-->src/main/AndroidManifest.xml:58:17-63
266                android:value="com.jmelzer.myttr.activities.HomeActivity" />
266-->src/main/AndroidManifest.xml:59:17-74
267        </activity>
268        <activity
268-->src/main/AndroidManifest.xml:234:9-245:20
269            android:name="com.jmelzer.myttr.activities.SearchResultActivity"
269-->src/main/AndroidManifest.xml:235:13-60
270            android:label="@string/app_name"
270-->src/main/AndroidManifest.xml:236:13-45
271            android:parentActivityName="com.jmelzer.myttr.activities.SearchActivity" >
271-->src/main/AndroidManifest.xml:237:13-68
272            <intent-filter>
272-->src/main/AndroidManifest.xml:44:13-47:29
273                <action android:name="android.intent.action.VIEW" />
273-->src/main/AndroidManifest.xml:45:17-69
273-->src/main/AndroidManifest.xml:45:25-66
274
275                <category android:name="android.intent.category.DEFAULT" />
275-->src/main/AndroidManifest.xml:46:17-76
275-->src/main/AndroidManifest.xml:46:27-73
276            </intent-filter>
277
278            <meta-data
278-->src/main/AndroidManifest.xml:57:13-59:77
279                android:name="android.support.PARENT_ACTIVITY"
279-->src/main/AndroidManifest.xml:58:17-63
280                android:value="com.jmelzer.myttr.activities.HomeActivity" />
280-->src/main/AndroidManifest.xml:59:17-74
281        </activity>
282        <activity
282-->src/main/AndroidManifest.xml:246:9-257:20
283            android:name="com.jmelzer.myttr.activities.LigaHomeActivity"
283-->src/main/AndroidManifest.xml:247:13-56
284            android:label="@string/app_name"
284-->src/main/AndroidManifest.xml:248:13-45
285            android:parentActivityName="com.jmelzer.myttr.activities.HomeActivity" >
285-->src/main/AndroidManifest.xml:249:13-66
286            <intent-filter>
286-->src/main/AndroidManifest.xml:44:13-47:29
287                <action android:name="android.intent.action.VIEW" />
287-->src/main/AndroidManifest.xml:45:17-69
287-->src/main/AndroidManifest.xml:45:25-66
288
289                <category android:name="android.intent.category.DEFAULT" />
289-->src/main/AndroidManifest.xml:46:17-76
289-->src/main/AndroidManifest.xml:46:27-73
290            </intent-filter>
291
292            <meta-data
292-->src/main/AndroidManifest.xml:57:13-59:77
293                android:name="android.support.PARENT_ACTIVITY"
293-->src/main/AndroidManifest.xml:58:17-63
294                android:value="com.jmelzer.myttr.activities.HomeActivity" />
294-->src/main/AndroidManifest.xml:59:17-74
295        </activity>
296        <activity
296-->src/main/AndroidManifest.xml:258:9-269:20
297            android:name="com.jmelzer.myttr.activities.LigaTabelleActivity"
297-->src/main/AndroidManifest.xml:259:13-59
298            android:label="@string/app_name"
298-->src/main/AndroidManifest.xml:260:13-45
299            android:parentActivityName="com.jmelzer.myttr.activities.LigaHomeActivity" >
299-->src/main/AndroidManifest.xml:261:13-70
300            <intent-filter>
300-->src/main/AndroidManifest.xml:44:13-47:29
301                <action android:name="android.intent.action.VIEW" />
301-->src/main/AndroidManifest.xml:45:17-69
301-->src/main/AndroidManifest.xml:45:25-66
302
303                <category android:name="android.intent.category.DEFAULT" />
303-->src/main/AndroidManifest.xml:46:17-76
303-->src/main/AndroidManifest.xml:46:27-73
304            </intent-filter>
305
306            <meta-data
306-->src/main/AndroidManifest.xml:57:13-59:77
307                android:name="android.support.PARENT_ACTIVITY"
307-->src/main/AndroidManifest.xml:58:17-63
308                android:value="com.jmelzer.myttr.activities.HomeActivity" />
308-->src/main/AndroidManifest.xml:59:17-74
309        </activity>
310        <activity
310-->src/main/AndroidManifest.xml:270:9-281:20
311            android:name="com.jmelzer.myttr.activities.LigaMannschaftResultsActivity"
311-->src/main/AndroidManifest.xml:271:13-69
312            android:label="@string/app_name"
312-->src/main/AndroidManifest.xml:272:13-45
313            android:parentActivityName="com.jmelzer.myttr.activities.LigaTabelleActivity" >
313-->src/main/AndroidManifest.xml:273:13-73
314            <intent-filter>
314-->src/main/AndroidManifest.xml:44:13-47:29
315                <action android:name="android.intent.action.VIEW" />
315-->src/main/AndroidManifest.xml:45:17-69
315-->src/main/AndroidManifest.xml:45:25-66
316
317                <category android:name="android.intent.category.DEFAULT" />
317-->src/main/AndroidManifest.xml:46:17-76
317-->src/main/AndroidManifest.xml:46:27-73
318            </intent-filter>
319
320            <meta-data
320-->src/main/AndroidManifest.xml:57:13-59:77
321                android:name="android.support.PARENT_ACTIVITY"
321-->src/main/AndroidManifest.xml:58:17-63
322                android:value="com.jmelzer.myttr.activities.HomeActivity" />
322-->src/main/AndroidManifest.xml:59:17-74
323        </activity>
324        <activity
324-->src/main/AndroidManifest.xml:282:9-293:20
325            android:name="com.jmelzer.myttr.activities.LigaAllResultsActivity"
325-->src/main/AndroidManifest.xml:283:13-62
326            android:label="@string/app_name"
326-->src/main/AndroidManifest.xml:284:13-45
327            android:parentActivityName="com.jmelzer.myttr.activities.LigaTabelleActivity" >
327-->src/main/AndroidManifest.xml:285:13-73
328            <intent-filter>
328-->src/main/AndroidManifest.xml:44:13-47:29
329                <action android:name="android.intent.action.VIEW" />
329-->src/main/AndroidManifest.xml:45:17-69
329-->src/main/AndroidManifest.xml:45:25-66
330
331                <category android:name="android.intent.category.DEFAULT" />
331-->src/main/AndroidManifest.xml:46:17-76
331-->src/main/AndroidManifest.xml:46:27-73
332            </intent-filter>
333
334            <meta-data
334-->src/main/AndroidManifest.xml:57:13-59:77
335                android:name="android.support.PARENT_ACTIVITY"
335-->src/main/AndroidManifest.xml:58:17-63
336                android:value="com.jmelzer.myttr.activities.LigaHomeActivity" />
336-->src/main/AndroidManifest.xml:59:17-74
337        </activity>
338        <activity
338-->src/main/AndroidManifest.xml:294:9-306:20
339            android:name="com.jmelzer.myttr.activities.LigaMannschaftInfoActivity"
339-->src/main/AndroidManifest.xml:295:13-66
340            android:label="@string/app_name"
340-->src/main/AndroidManifest.xml:296:13-45
341            android:parentActivityName="com.jmelzer.myttr.activities.LigaHomeActivity" >
341-->src/main/AndroidManifest.xml:297:13-70
342            <intent-filter>
342-->src/main/AndroidManifest.xml:298:13-302:29
343                <action android:name="android.intent.action.VIEW" />
343-->src/main/AndroidManifest.xml:45:17-69
343-->src/main/AndroidManifest.xml:45:25-66
344
345                <data android:scheme="geo" />
345-->src/main/AndroidManifest.xml:300:17-46
345-->src/main/AndroidManifest.xml:300:23-43
346
347                <category android:name="android.intent.category.DEFAULT" />
347-->src/main/AndroidManifest.xml:46:17-76
347-->src/main/AndroidManifest.xml:46:27-73
348            </intent-filter>
349
350            <meta-data
350-->src/main/AndroidManifest.xml:57:13-59:77
351                android:name="android.support.PARENT_ACTIVITY"
351-->src/main/AndroidManifest.xml:58:17-63
352                android:value="com.jmelzer.myttr.activities.LigaHomeActivity" />
352-->src/main/AndroidManifest.xml:59:17-74
353        </activity>
354        <activity
354-->src/main/AndroidManifest.xml:307:9-318:20
355            android:name="com.jmelzer.myttr.activities.LigaSpielberichtActivity"
355-->src/main/AndroidManifest.xml:308:13-64
356            android:label="@string/app_name"
356-->src/main/AndroidManifest.xml:309:13-45
357            android:parentActivityName="com.jmelzer.myttr.activities.LigaHomeActivity" >
357-->src/main/AndroidManifest.xml:310:13-70
358            <intent-filter>
358-->src/main/AndroidManifest.xml:44:13-47:29
359                <action android:name="android.intent.action.VIEW" />
359-->src/main/AndroidManifest.xml:45:17-69
359-->src/main/AndroidManifest.xml:45:25-66
360
361                <category android:name="android.intent.category.DEFAULT" />
361-->src/main/AndroidManifest.xml:46:17-76
361-->src/main/AndroidManifest.xml:46:27-73
362            </intent-filter>
363
364            <meta-data
364-->src/main/AndroidManifest.xml:57:13-59:77
365                android:name="android.support.PARENT_ACTIVITY"
365-->src/main/AndroidManifest.xml:58:17-63
366                android:value="com.jmelzer.myttr.activities.LigaHomeActivity" />
366-->src/main/AndroidManifest.xml:59:17-74
367        </activity>
368        <activity
368-->src/main/AndroidManifest.xml:319:9-330:20
369            android:name="com.jmelzer.myttr.activities.EditFavoritesActivity"
369-->src/main/AndroidManifest.xml:320:13-61
370            android:label="@string/app_name"